<?xml version="1.0" encoding="UTF-8"?>
<!-- Generated by org.testng.reporters.JUnitReportReporter -->
<testsuite hostname="JAGA" name="com.jaga.pageobjectmodel.testscripts.TC001_CreateAccount" tests="1" failures="0" timestamp="4 Jul 2017 16:33:38 GMT" time="165.293" errors="0">
  <testcase name="createAccountRegistration" time="165.293" classname="com.jaga.pageobjectmodel.testscripts.TC001_CreateAccount"/>
</testsuite> <!-- com.jaga.pageobjectmodel.testscripts.TC001_CreateAccount -->
