<?xml version="1.0" encoding="UTF-8"?>
<!-- Generated by org.testng.reporters.JUnitReportReporter -->
<testsuite hostname="JAGA" name="com.jaga.pageobjectmodel.testscripts.TestGCRShopApplication" tests="4" failures="0" timestamp="15 Jul 2017 16:08:09 GMT" time="204.615" errors="0">
  <testcase name="testcreateAccountRegistration" time="122.445" classname="com.jaga.pageobjectmodel.testscripts.TestGCRShopApplication"/>
  <testcase name="testSignIn" time="18.228" classname="com.jaga.pageobjectmodel.testscripts.TestGCRShopApplication"/>
  <testcase name="testcreateAccountRegistration" time="39.130" classname="com.jaga.pageobjectmodel.testscripts.TestGCRShopApplication"/>
  <testcase name="testSignIn" time="24.812" classname="com.jaga.pageobjectmodel.testscripts.TestGCRShopApplication"/>
</testsuite> <!-- com.jaga.pageobjectmodel.testscripts.TestGCRShopApplication -->
