<?xml version="1.0" encoding="UTF-8"?>
<!-- Generated by org.testng.reporters.JUnitReportReporter -->
<testsuite hostname="JAGA" name="com.jaga.pageobjectmodel.testscripts.TC002_SignIn" tests="1" failures="0" timestamp="2 Jul 2017 04:31:38 GMT" time="5.041" errors="0">
  <testcase name="testSignIn" time="5.041" classname="com.jaga.pageobjectmodel.testscripts.TC002_SignIn"/>
</testsuite> <!-- com.jaga.pageobjectmodel.testscripts.TC002_SignIn -->
