<?xml version="1.0" encoding="UTF-8"?>
<!-- Generated by org.testng.reporters.JUnitReportReporter -->
<testsuite hostname="JAGA" name="com.jaga.pageobjectmodel.testscripts.TC002_SignIn" tests="2" failures="0" timestamp="3 Jul 2017 16:32:55 GMT" time="88.889" errors="0">
  <testcase name="testSignIn" time="50.685" classname="com.jaga.pageobjectmodel.testscripts.TC002_SignIn"/>
  <testcase name="testSignIn" time="38.204" classname="com.jaga.pageobjectmodel.testscripts.TC002_SignIn"/>
</testsuite> <!-- com.jaga.pageobjectmodel.testscripts.TC002_SignIn -->
