<?xml version="1.0" encoding="UTF-8"?>
<!-- Generated by org.testng.reporters.JUnitReportReporter -->
<testsuite hostname="JAGA" name="com.jaga.pageobjectmodel.testscripts.TestCaseExecutionScript" tests="2" failures="0" timestamp="27 Jul 2017 15:23:06 GMT" time="68.419" errors="0">
  <testcase name="testSignIn" time="42.710" classname="com.jaga.pageobjectmodel.testscripts.TestCaseExecutionScript"/>
  <testcase name="testcreateAccountRegistration" time="25.709" classname="com.jaga.pageobjectmodel.testscripts.TestCaseExecutionScript"/>
</testsuite> <!-- com.jaga.pageobjectmodel.testscripts.TestCaseExecutionScript -->
