<?xml version="1.0" encoding="UTF-8"?>
<!-- Generated by org.testng.reporters.JUnitReportReporter -->
<testsuite hostname="JAGA" name="com.jaga.pageobjectmodel.testscripts.TC001_CreateAccount" tests="1" failures="0" timestamp="1 Jul 2017 10:38:39 GMT" time="21.224" errors="0">
  <testcase name="testCreateAccount" time="21.224" classname="com.jaga.pageobjectmodel.testscripts.TC001_CreateAccount"/>
</testsuite> <!-- com.jaga.pageobjectmodel.testscripts.TC001_CreateAccount -->
