<?xml version="1.0" encoding="UTF-8"?>
<!-- Generated by org.testng.reporters.JUnitReportReporter -->
<testsuite hostname="JAGA" name="com.jaga.pageobjectmodel.testscripts.TC002_SignIn" tests="2" failures="0" timestamp="16 Jul 2017 07:05:16 GMT" time="92.816" errors="0">
  <testcase name="testSignIn" time="30.224" classname="com.jaga.pageobjectmodel.testscripts.TC002_SignIn"/>
  <testcase name="testSignIn" time="62.592" classname="com.jaga.pageobjectmodel.testscripts.TC002_SignIn"/>
</testsuite> <!-- com.jaga.pageobjectmodel.testscripts.TC002_SignIn -->
