<?xml version="1.0" encoding="UTF-8"?>
<!-- Generated by org.testng.reporters.JUnitReportReporter -->
<testsuite hostname="JAGA" name="com.jaga.pageobjectmodel.testscripts.TC002_SignIn" tests="1" failures="0" timestamp="4 Jul 2017 16:33:38 GMT" time="61.951" errors="0">
  <testcase name="testSignIn" time="61.951" classname="com.jaga.pageobjectmodel.testscripts.TC002_SignIn"/>
</testsuite> <!-- com.jaga.pageobjectmodel.testscripts.TC002_SignIn -->
