<?xml version="1.0" encoding="UTF-8"?>
<!-- Generated by org.testng.reporters.JUnitReportReporter -->
<testsuite hostname="JAGA" name="com.jaga.pageobjectmodel.testscripts.TC001_Login" tests="1" failures="0" timestamp="1 Jul 2017 06:04:02 GMT" time="25.110" errors="0">
  <testcase name="testLogin" time="25.110" classname="com.jaga.pageobjectmodel.testscripts.TC001_Login"/>
</testsuite> <!-- com.jaga.pageobjectmodel.testscripts.TC001_Login -->
