<?xml version="1.0" encoding="UTF-8"?>
<!-- Generated by org.testng.reporters.JUnitReportReporter -->
<testsuite hostname="JAGA" name="com.jaga.pageobjectmodel.testscripts.TC002_SignIn" tests="1" failures="0" timestamp="3 Mar 2018 03:46:51 GMT" time="17.337" errors="0">
  <testcase name="testSignIn" time="17.337" classname="com.jaga.pageobjectmodel.testscripts.TC002_SignIn"/>
</testsuite> <!-- com.jaga.pageobjectmodel.testscripts.TC002_SignIn -->
