<?xml version="1.0" encoding="UTF-8"?>
<!-- Generated by org.testng.reporters.JUnitReportReporter -->
<testsuite hostname="JAGA" name="com.jaga.pageobjectmodel.testscripts.TC001_CreateAccount" tests="1" failures="0" timestamp="16 Jul 2017 07:05:16 GMT" time="61.838" errors="0">
  <testcase name="testcreateAccountRegistration" time="61.838" classname="com.jaga.pageobjectmodel.testscripts.TC001_CreateAccount"/>
</testsuite> <!-- com.jaga.pageobjectmodel.testscripts.TC001_CreateAccount -->
